[17:04:41] [ServerMain/INFO]: [bootstrap] Running Java 21 (OpenJDK 64-Bit Server VM 21.0.9+10-LTS; Eclipse Adoptium Temurin-21.0.9+10) on Windows 11 10.0 (amd64)
[17:04:41] [ServerMain/INFO]: [bootstrap] Loading Paper 1.21.10-129-ver/1.21.10@3e25649 (2025-12-19T23:34:30Z) for Minecraft 1.21.10
[17:04:42] [ServerMain/INFO]: [PluginInitializerManager] Initializing plugins...
[17:04:42] [Paper Plugin Remapper Thread - 2/INFO]: [PluginRemapper] Remapping plugin 'plugins\prueba-1.0-SNAPSHOT.jar'...
[17:04:43] [Paper Plugin Remapper Thread - 2/INFO]: [PluginRemapper] Done remapping plugin 'plugins\prueba-1.0-SNAPSHOT.jar' in 1040ms.
[17:04:43] [ServerMain/INFO]: [PluginInitializerManager] Initialized 1 plugin
[17:04:43] [ServerMain/INFO]: [PluginInitializerManager] Bukkit plugins (1):
 - PruebaPlugin (1.0)
[17:04:51] [ServerMain/INFO]: Environment: Environment[sessionHost=https://sessionserver.mojang.com, servicesHost=https://api.minecraftservices.com, profilesHost=https://api.mojang.com, name=PROD]
[17:04:53] [ServerMain/INFO]: Loaded 1461 recipes
[17:04:53] [ServerMain/INFO]: Loaded 1574 advancements
[17:04:53] [ServerMain/INFO]: [ca.spottedleaf.dataconverter.minecraft.datatypes.MCTypeRegistry] Initialising converters for DataConverter...
[17:04:54] [ServerMain/INFO]: [ca.spottedleaf.dataconverter.minecraft.datatypes.MCTypeRegistry] Finished initialising converters for DataConverter in 440,4ms
[17:04:55] [Server thread/INFO]: Starting minecraft server version 1.21.10
[17:04:55] [Server thread/INFO]: Loading properties
[17:04:55] [Server thread/INFO]: This server is running Paper version 1.21.10-129-ver/1.21.10@3e25649 (2025-12-19T23:34:30Z) (Implementing API version 1.21.10-R0.1-SNAPSHOT)
[17:04:55] [Server thread/INFO]: [spark] This server bundles the spark profiler. For more information please visit https://docs.papermc.io/paper/profiling
[17:04:55] [Server thread/INFO]: Server Ping Player Sample Count: 12
[17:04:55] [Server thread/INFO]: Using 4 threads for Netty based IO
[17:04:56] [Server thread/INFO]: [MoonriseCommon] Paper is using 2 worker threads, 1 I/O threads
[17:04:56] [Server thread/INFO]: Default game type: SURVIVAL
[17:04:56] [Server thread/INFO]: Generating keypair
[17:04:56] [Server thread/INFO]: Starting Minecraft server on *:25565
[17:04:56] [Server thread/INFO]: Using default channel type
[17:04:56] [Server thread/INFO]: Paper: Using Java compression from Velocity.
[17:04:56] [Server thread/INFO]: Paper: Using Java cipher from Velocity.
[17:04:57] [Server thread/INFO]: [PruebaPlugin] Loading server plugin PruebaPlugin v1.0
[17:04:57] [Server thread/INFO]: Server permissions file permissions.yml is empty, ignoring it
[17:04:57] [Server thread/WARN]: **** SERVER IS RUNNING IN OFFLINE/INSECURE MODE!
[17:04:57] [Server thread/WARN]: The server will make no attempt to authenticate usernames. Beware.
[17:04:57] [Server thread/WARN]: While this makes the game possible to play without internet access, it also opens up the ability for hackers to connect with any username they choose.
[17:04:57] [Server thread/WARN]: To change this, set "online-mode" to "true" in the server.properties file.
[17:04:57] [Server thread/INFO]: Preparing level "world"
[17:04:57] [Server thread/INFO]: Loading 0 persistent chunks for world 'minecraft:overworld'...
[17:04:57] [Server thread/INFO]: Preparing spawn area: 100%
[17:04:57] [Server thread/INFO]: Prepared spawn area in 2 ms
[17:04:57] [Server thread/INFO]: Loading 0 persistent chunks for world 'minecraft:the_nether'...
[17:04:57] [Server thread/INFO]: Prepared spawn area in 0 ms
[17:04:57] [Server thread/INFO]: Loading 0 persistent chunks for world 'minecraft:the_end'...
[17:04:57] [Server thread/INFO]: Prepared spawn area in 1 ms
[17:04:57] [Server thread/INFO]: Done preparing level "world" (0.754s)
[17:04:57] [Server thread/INFO]: [PruebaPlugin] Enabling PruebaPlugin v1.0
[17:04:57] [Server thread/INFO]: [PruebaPlugin] Last Stand Arena cargado.
[17:04:58] [Server thread/INFO]: [spark] Starting background profiler...
[17:04:58] [Server thread/INFO]: [spark] The async-profiler engine is not supported for your os/arch (windows11/amd64), so the built-in Java engine will be used instead.
[17:04:58] [Server thread/INFO]: Running delayed init tasks
[17:04:58] [Server thread/INFO]: Done (17.998s)! For help, type "help"
[17:04:58] [User Authenticator #0/INFO]: UUID of player Juandix is 0dbce3f3-0fea-3794-b081-23268a9a9f2b
[17:04:59] [User Authenticator #0/INFO]: UUID of player Juandix2 is fff3c845-83a2-352a-ac1d-c5cbc29487d3
[17:05:00] [Server thread/INFO]: Juandix joined the game
[17:05:00] [Server thread/INFO]: Juandix[/127.0.0.1:58231] logged in with entity id 66 at ([world]-46.07713197072111, 63.0, -0.17400947451943705)
[17:05:01] [Server thread/INFO]: Juandix2 joined the game
[17:05:01] [Server thread/INFO]: Juandix2[/127.0.0.1:58234] logged in with entity id 110 at ([world]-3.5, 66.0, 5.5)
[17:05:03] [Server thread/INFO]: Juandix2 issued server command: /teleport juandix
[17:05:03] [Server thread/INFO]: [Juandix2: Teleported Juandix2 to Juandix]
[17:05:15] [Server thread/INFO]: Juandix issued server command: /hola
[17:05:24] [Server thread/INFO]: Juandix issued server command: /hola
[17:05:28] [Server thread/INFO]: Juandix issued server command: /event start
[17:05:28] [Server thread/INFO]: El evento ha comenzado. ¡Prepárense!
[17:05:30] [Server thread/INFO]: Juandix issued server command: /hola
[17:05:36] [Server thread/INFO]: Juandix issued server command: /event pvp
[17:05:36] [Server thread/INFO]: ¡PvP ACTIVADO!
[17:06:00] [Server thread/INFO]: Juandix2 was slain by Juandix
[17:06:00] [Server thread/INFO]: 🏆 Ganador: Juandix
[17:06:00] [Server thread/INFO]: El evento ha finalizado.
[17:06:12] [Server thread/INFO]: Juandix issued server command: /hola
[17:08:39] [Server thread/INFO]: Juandix2 issued server command: /gamemode adventure
[17:08:39] [Server thread/INFO]: [Juandix2: Set own game mode to Adventure Mode]
[17:08:45] [Server thread/INFO]: Juandix2 issued server command: /gamemode survival
[17:08:45] [Server thread/INFO]: [Juandix2: Set own game mode to Survival Mode]
[19:06:56] [Server thread/INFO]: Juandix has made the advancement [Stone Age]
[19:45:35] [Server thread/INFO]: Juandix2 has made the advancement [Stone Age]
[20:11:36] [Server thread/INFO]: Juandix2 lost connection: Disconnected
[20:11:36] [Server thread/INFO]: Juandix2 left the game
[20:11:38] [Server thread/INFO]: Juandix lost connection: Disconnected
[20:11:38] [Server thread/INFO]: Juandix left the game
[20:11:45] [Server thread/INFO]: Stopping server
[20:11:45] [Server thread/INFO]: [PruebaPlugin] Disabling PruebaPlugin v1.0
[20:11:46] [Server thread/INFO]: Saving players
[20:11:46] [Server thread/INFO]: Saving worlds
[20:11:46] [Server thread/INFO]: Saving chunks for level 'ServerLevel[world]'/minecraft:overworld
[20:11:46] [Server thread/INFO]: [ChunkHolderManager] Waiting 60s for chunk system to halt for world 'world'
[20:11:46] [Server thread/INFO]: [ChunkHolderManager] Halted chunk system for world 'world'
[20:11:46] [Server thread/INFO]: [ChunkHolderManager] Saving all chunkholders for world 'world'
[20:11:47] [Server thread/INFO]: [ChunkHolderManager] Saved 815 block chunks, 151 entity chunks, 2 poi chunks in world 'world' in 1,43s
[20:11:47] [Server thread/INFO]: [ChunkHolderManager] Waiting 60s for chunk I/O to halt for world 'world'
[20:11:47] [Server thread/INFO]: [ChunkHolderManager] Halted I/O scheduler for world 'world'
[20:11:48] [Server thread/INFO]: Saving chunks for level 'ServerLevel[world_nether]'/minecraft:the_nether
[20:11:48] [Server thread/INFO]: [ChunkHolderManager] Waiting 60s for chunk system to halt for world 'world_nether'
[20:11:48] [Server thread/INFO]: [ChunkHolderManager] Halted chunk system for world 'world_nether'
[20:11:48] [Server thread/INFO]: [ChunkHolderManager] Saving all chunkholders for world 'world_nether'
[20:11:48] [Server thread/INFO]: [ChunkHolderManager] Saved 0 block chunks, 0 entity chunks, 0 poi chunks in world 'world_nether' in 0,00s
[20:11:48] [Server thread/INFO]: [ChunkHolderManager] Waiting 60s for chunk I/O to halt for world 'world_nether'
[20:11:48] [Server thread/INFO]: [ChunkHolderManager] Halted I/O scheduler for world 'world_nether'
[20:11:48] [Server thread/INFO]: Saving chunks for level 'ServerLevel[world_the_end]'/minecraft:the_end
[20:11:48] [Server thread/INFO]: [ChunkHolderManager] Waiting 60s for chunk system to halt for world 'world_the_end'
[20:11:48] [Server thread/INFO]: [ChunkHolderManager] Halted chunk system for world 'world_the_end'
[20:11:48] [Server thread/INFO]: [ChunkHolderManager] Saving all chunkholders for world 'world_the_end'
[20:11:48] [Server thread/INFO]: [ChunkHolderManager] Saved 0 block chunks, 0 entity chunks, 0 poi chunks in world 'world_the_end' in 0,00s
[20:11:48] [Server thread/INFO]: [ChunkHolderManager] Waiting 60s for chunk I/O to halt for world 'world_the_end'
[20:11:48] [Server thread/INFO]: [ChunkHolderManager] Halted I/O scheduler for world 'world_the_end'
[20:11:48] [Server thread/INFO]: ThreadedAnvilChunkStorage (world): All chunks are saved
[20:11:48] [Server thread/INFO]: ThreadedAnvilChunkStorage (DIM-1): All chunks are saved
[20:11:48] [Server thread/INFO]: ThreadedAnvilChunkStorage (DIM1): All chunks are saved
[20:11:48] [Server thread/INFO]: ThreadedAnvilChunkStorage: All dimensions are saved
[20:11:48] [Server thread/INFO]: Waiting for all RegionFile I/O tasks to complete...
[20:11:48] [Server thread/INFO]: All RegionFile I/O tasks to complete
[20:11:48] [Server thread/INFO]: [MoonriseCommon] Awaiting termination of worker pool for up to 60s...
[20:11:48] [Server thread/INFO]: [MoonriseCommon] Awaiting termination of I/O pool for up to 60s...
